<?xml version="1.0" encoding="UTF-8"?>
<testng-results ignored="0" total="4" passed="4" failed="0" skipped="0">
  <reporter-output>
    <line>
      <![CDATA[http://localhost/login.do]]>
    </line>
    <line>
      <![CDATA[http://localhost/login.do]]>
    </line>
    <line>
      <![CDATA[Home page loaded]]>
    </line>
    <line>
      <![CDATA[Home page loaded]]>
    </line>
    <line>
      <![CDATA[http://localhost/login.do]]>
    </line>
    <line>
      <![CDATA[http://localhost/login.do]]>
    </line>
    <line>
      <![CDATA[Error message is displayed]]>
    </line>
    <line>
      <![CDATA[Error message is displayed]]>
    </line>
    <line>
      <![CDATA[Error message is displayed]]>
    </line>
    <line>
      <![CDATA[Error message is displayed]]>
    </line>
    <line>
      <![CDATA[Error message is displayed]]>
    </line>
    <line>
      <![CDATA[Error message is displayed]]>
    </line>
    <line>
      <![CDATA[Error message is displayed]]>
    </line>
    <line>
      <![CDATA[Error message is displayed]]>
    </line>
  </reporter-output>
  <suite started-at="2022-11-03T20:35:09 IST" name="Suite" finished-at="2022-11-03T20:36:44 IST" duration-ms="94928">
    <groups>
    </groups>
    <test started-at="2022-11-03T20:35:09 IST" name="Test_GC" finished-at="2022-11-03T20:36:35 IST" duration-ms="85962">
      <class name="script.InvalidLogin">
        <test-method is-config="true" signature="openAp(java.lang.String,java.lang.String)[pri:0, instance:script.InvalidLogin@70e8f8e]" started-at="2022-11-03T20:36:02 IST" name="openAp" finished-at="2022-11-03T20:36:16 IST" duration-ms="14679" status="PASS">
          <params>
            <param index="0">
              <value>
                <![CDATA[chrome]]>
              </value>
            </param>
            <param index="1">
              <value>
                <![CDATA[192.168.1.4]]>
              </value>
            </param>
          </params>
          <reporter-output>
            <line>
              <![CDATA[http://localhost/login.do]]>
            </line>
          </reporter-output>
        </test-method> <!-- openAp -->
        <test-method signature="testInvlaidlogin()[pri:2, instance:script.InvalidLogin@70e8f8e]" started-at="2022-11-03T20:36:16 IST" name="testInvlaidlogin" finished-at="2022-11-03T20:36:32 IST" duration-ms="16000" status="PASS">
          <reporter-output>
            <line>
              <![CDATA[Error message is displayed]]>
            </line>
            <line>
              <![CDATA[Error message is displayed]]>
            </line>
            <line>
              <![CDATA[Error message is displayed]]>
            </line>
            <line>
              <![CDATA[Error message is displayed]]>
            </line>
          </reporter-output>
        </test-method> <!-- testInvlaidlogin -->
        <test-method is-config="true" signature="closeAp(org.testng.ITestResult)[pri:0, instance:script.InvalidLogin@70e8f8e]" started-at="2022-11-03T20:36:32 IST" name="closeAp" finished-at="2022-11-03T20:36:35 IST" duration-ms="2654" status="PASS">
          <params>
            <param index="0">
              <value>
                <![CDATA[[TestResult name=testInvlaidlogin status=SUCCESS method=InvalidLogin.testInvlaidlogin()[pri:2, instance:script.InvalidLogin@70e8f8e] output=Error message is displayed]]]>
              </value>
            </param>
          </params>
          <reporter-output>
          </reporter-output>
        </test-method> <!-- closeAp -->
      </class> <!-- script.InvalidLogin -->
      <class name="script.ValidLogin">
        <test-method is-config="true" signature="openAp(java.lang.String,java.lang.String)[pri:0, instance:script.ValidLogin@72f926e6]" started-at="2022-11-03T20:35:09 IST" name="openAp" finished-at="2022-11-03T20:35:37 IST" duration-ms="27882" status="PASS">
          <params>
            <param index="0">
              <value>
                <![CDATA[chrome]]>
              </value>
            </param>
            <param index="1">
              <value>
                <![CDATA[192.168.1.4]]>
              </value>
            </param>
          </params>
          <reporter-output>
            <line>
              <![CDATA[http://localhost/login.do]]>
            </line>
          </reporter-output>
        </test-method> <!-- openAp -->
        <test-method signature="testValidLogin()[pri:1, instance:script.ValidLogin@72f926e6]" started-at="2022-11-03T20:35:37 IST" name="testValidLogin" finished-at="2022-11-03T20:36:01 IST" duration-ms="23470" status="PASS">
          <reporter-output>
            <line>
              <![CDATA[Home page loaded]]>
            </line>
          </reporter-output>
        </test-method> <!-- testValidLogin -->
        <test-method is-config="true" signature="closeAp(org.testng.ITestResult)[pri:0, instance:script.ValidLogin@72f926e6]" started-at="2022-11-03T20:36:01 IST" name="closeAp" finished-at="2022-11-03T20:36:02 IST" duration-ms="1139" status="PASS">
          <params>
            <param index="0">
              <value>
                <![CDATA[[TestResult name=testValidLogin status=SUCCESS method=ValidLogin.testValidLogin()[pri:1, instance:script.ValidLogin@72f926e6] output=Home page loaded]]]>
              </value>
            </param>
          </params>
          <reporter-output>
          </reporter-output>
        </test-method> <!-- closeAp -->
      </class> <!-- script.ValidLogin -->
    </test> <!-- Test_GC -->
    <test started-at="2022-11-03T20:35:09 IST" name="Test_FF" finished-at="2022-11-03T20:36:44 IST" duration-ms="94928">
      <class name="script.InvalidLogin">
        <test-method is-config="true" signature="openAp(java.lang.String,java.lang.String)[pri:0, instance:script.InvalidLogin@61862a7f]" started-at="2022-11-03T20:36:01 IST" name="openAp" finished-at="2022-11-03T20:36:20 IST" duration-ms="18473" status="PASS">
          <params>
            <param index="0">
              <value>
                <![CDATA[firefox]]>
              </value>
            </param>
            <param index="1">
              <value>
                <![CDATA[192.168.1.4]]>
              </value>
            </param>
          </params>
          <reporter-output>
            <line>
              <![CDATA[http://localhost/login.do]]>
            </line>
          </reporter-output>
        </test-method> <!-- openAp -->
        <test-method signature="testInvlaidlogin()[pri:2, instance:script.InvalidLogin@61862a7f]" started-at="2022-11-03T20:36:20 IST" name="testInvlaidlogin" finished-at="2022-11-03T20:36:40 IST" duration-ms="20268" status="PASS">
          <reporter-output>
            <line>
              <![CDATA[Error message is displayed]]>
            </line>
            <line>
              <![CDATA[Error message is displayed]]>
            </line>
            <line>
              <![CDATA[Error message is displayed]]>
            </line>
            <line>
              <![CDATA[Error message is displayed]]>
            </line>
          </reporter-output>
        </test-method> <!-- testInvlaidlogin -->
        <test-method is-config="true" signature="closeAp(org.testng.ITestResult)[pri:0, instance:script.InvalidLogin@61862a7f]" started-at="2022-11-03T20:36:40 IST" name="closeAp" finished-at="2022-11-03T20:36:44 IST" duration-ms="3923" status="PASS">
          <params>
            <param index="0">
              <value>
                <![CDATA[[TestResult name=testInvlaidlogin status=SUCCESS method=InvalidLogin.testInvlaidlogin()[pri:2, instance:script.InvalidLogin@61862a7f] output=Error message is displayed]]]>
              </value>
            </param>
          </params>
          <reporter-output>
          </reporter-output>
        </test-method> <!-- closeAp -->
      </class> <!-- script.InvalidLogin -->
      <class name="script.ValidLogin">
        <test-method is-config="true" signature="openAp(java.lang.String,java.lang.String)[pri:0, instance:script.ValidLogin@441772e]" started-at="2022-11-03T20:35:09 IST" name="openAp" finished-at="2022-11-03T20:35:37 IST" duration-ms="27645" status="PASS">
          <params>
            <param index="0">
              <value>
                <![CDATA[firefox]]>
              </value>
            </param>
            <param index="1">
              <value>
                <![CDATA[192.168.1.4]]>
              </value>
            </param>
          </params>
          <reporter-output>
            <line>
              <![CDATA[http://localhost/login.do]]>
            </line>
          </reporter-output>
        </test-method> <!-- openAp -->
        <test-method signature="testValidLogin()[pri:1, instance:script.ValidLogin@441772e]" started-at="2022-11-03T20:35:37 IST" name="testValidLogin" finished-at="2022-11-03T20:35:54 IST" duration-ms="17443" status="PASS">
          <reporter-output>
            <line>
              <![CDATA[Home page loaded]]>
            </line>
          </reporter-output>
        </test-method> <!-- testValidLogin -->
        <test-method is-config="true" signature="closeAp(org.testng.ITestResult)[pri:0, instance:script.ValidLogin@441772e]" started-at="2022-11-03T20:35:54 IST" name="closeAp" finished-at="2022-11-03T20:36:01 IST" duration-ms="7008" status="PASS">
          <params>
            <param index="0">
              <value>
                <![CDATA[[TestResult name=testValidLogin status=SUCCESS method=ValidLogin.testValidLogin()[pri:1, instance:script.ValidLogin@441772e] output=Home page loaded]]]>
              </value>
            </param>
          </params>
          <reporter-output>
          </reporter-output>
        </test-method> <!-- closeAp -->
      </class> <!-- script.ValidLogin -->
    </test> <!-- Test_FF -->
  </suite> <!-- Suite -->
</testng-results>
